<?xml version="1.0" encoding="UTF-8"?>
<testsuite xmlns:xsi="http://www.w3.org/2001/XMLSchema-instance" xsi:noNamespaceSchemaLocation="https://maven.apache.org/surefire/maven-surefire-plugin/xsd/surefire-test-report-3.0.xsd" version="3.0" name="com.example.tasks.TaskApiTest" time="0.723" tests="6" errors="0" skipped="0" failures="0">
  <properties>
[...]
</properties>
  <testcase name="delete removes task" classname="com.example.tasks.TaskApiTest" time="0.591">
    <system-err><![CDATA[SLF4J: Failed to load class "org.slf4j.impl.StaticLoggerBinder".
SLF4J: Defaulting to no-operation (NOP) logger implementation
SLF4J: See http://www.slf4j.org/codes.html#StaticLoggerBinder for further details.
]]></system-err>
  </testcase>
  <testcase name="create then fetch task" classname="com.example.tasks.TaskApiTest" time="0.013"/>
  <testcase name="update changes status" classname="com.example.tasks.TaskApiTest" time="0.016"/>
  <testcase name="health returns UP" classname="com.example.tasks.TaskApiTest" time="0.051"/>
  <testcase name="unknown task returns 404" classname="com.example.tasks.TaskApiTest" time="0.006"/>
  <testcase name="blank title is rejected" classname="com.example.tasks.TaskApiTest" time="0.027"/>
</testsuite>